lockdown-install.js:1 Removing unpermitted intrinsics
VM5565 quiz-generation.ts:47 JSON parsing error: SyntaxError: Expected ',' or '}' after property value in JSON at position 3419 (line 78 column 19)
    at JSON.parse (<anonymous>)
    at generateQuizWithAI (VM5565 quiz-generation.ts:45:29)
    at async handleGenerateQuiz (quiz-manager.tsx:155:7)
overrideMethod @ hook.js:608
error @ intercept-console-error.js:51
generateQuizWithAI @ VM5565 quiz-generation.ts:47
VM5565 quiz-generation.ts:48 Raw JSON text: {
  "title": "React Hooks Intermediate Quiz",
  "description": "Test your knowledge of intermediate React Hooks concepts.",
  "category": "React",
  "difficulty": "intermediate",
  "questions": [
    {
      "text": "What is the primary purpose of the `useEffect` hook?",
      "options": [
        {"id": "a", "text": "To perform side effects like data fetching or DOM manipulation"},
        {"id": "b", "text": "To manage component state"},
        {"id": "c", "text": "To conditionally render components"},
        {"id": "d", "text": "To define functional components"}
      ],
      "correctAnswer": "a",
      "explanation": "`useEffect` is specifically designed for handling side effects that occur outside of the component's rendering process."
    },
    {
      "text": "Which hook is used to access and update state within a functional component?",
      "options": [
        {"id": "a", "text": "`useEffect`"},
        {"id": "b", "text": "`useState`"},
        {"id": "c", "text": "`useContext`"},
        {"id": "d", "text": "`useRef`"}
      ],
      "correctAnswer": "b",
      "explanation": "`useState` is the fundamental hook for managing state in functional components."
    },
    {
      "text": "How do you prevent infinite loops with `useEffect`?",
      "options": [
        {"id": "a", "text": "Using `setTimeout`"},
        {"id": "b", "text": "Using the second argument (dependency array)"},
        {"id": "c", "text": "Using `setInterval`"},
        {"id": "d", "text": "It's not possible to prevent infinite loops"}
      ],
      "correctAnswer": "b",
      "explanation": "The dependency array controls when the effect runs.  An empty array means it only runs once after the initial render, preventing infinite loops."
    },
    {
      "text": "What does the `useRef` hook return?",
      "options": [
        {"id": "a", "text": "A mutable object"},
        {"id": "b", "text": "A state variable"},
        {"id": "c", "text": "A function"},
        {"id": "d", "text": "A mutable object with a `.current` property"}
      ],
      "correctAnswer": "d",
      "explanation": "`useRef` returns a mutable object whose `.current` property can be used to store values that don't trigger re-renders."
    },
    {
      "text": "What hook is best suited for accessing values from React Context?",
      "options": [
        {"id": "a", "text": "`useState`"},
        {"id": "b", "text": "`useContext`"},
        {"id": "c", "text": "`useReducer`"},
        {"id": "d", "text": "`useCallback`"}
      ],
      "correctAnswer": "b",
      "explanation": "`useContext` provides a convenient way to subscribe to and read values from the React Context API."
    },
    {
      "text": "When should you use `useCallback`?",
      "options": [
        {"id": "a", "text": "To memoize a function"},
        {"id": "b", "text": "To manage component state"},
        {"id": "c", "text": "To perform side effects"},
        {"id": "d", "text": "To create custom hooks"}
      ],
      "correctAnswer": "a",
      "explanation": "`useCallback` memoizes a function, preventing re-creation on every render if its dependencies haven't changed, optimizing performance."
    },
    {
      "text": "What is the purpose of `useReducer`?",
      "options": [
        {"id": "a", "text": "To manage complex state logic"},
        {"id": "b", "text": "To perform asynchronous operations"},
        {"id": "c": "To memoize functions"},
        {"id": "d": "To access context values"}
      ],
      "correctAnswer": "a",
      "explanation": "`useReducer` is ideal for managing complex state logic that involves multiple state updates or state transitions."
    },
    {
      "text": "Which hook allows you to run code after every render?",
      "options": [
        {"id": "a", "text": "`useState`"},
        {"id": "b", "text": "`useMemo`"},
        {"id": "c", "text": "`useEffect`"},
        {"id": "d", "text": "`useCallback`"}
      ],
      "correctAnswer": "c",
      "explanation": "`useEffect` runs after every render, unless a dependency array is specified."
    },
    {
      "text": "What does `useMemo` do?",
      "options": [
        {"id": "a", "text": "Memoizes a value based on dependencies"},
        {"id": "b": "Memoizes a function based on dependencies"},
        {"id": "c": "Performs side effects"},
        {"id": "d": "Manages component state"}
      ],
      "correctAnswer": "a",
      "explanation": "`useMemo` memoizes the result of an expensive computation, returning a cached value if the dependencies haven't changed."
    },
    {
      "text": "What is a Custom Hook?",
      "options":[
        {"id": "a", "text": "A hook provided by React"},
        {"id": "b", "text": "A function that uses other hooks"},
        {"id": "c", "text": "A component that renders other components"},
        {"id": "d", "text": "A class component that uses hooks"}
      ],
      "correctAnswer": "b",
      "explanation": "Custom hooks are functions that call other hooks to extract reusable logic and share it among components."
    }
  ]
}
```

overrideMethod @ hook.js:608
error @ intercept-console-error.js:51
generateQuizWithAI @ VM5565 quiz-generation.ts:48
VM5565 quiz-generation.ts:100 Quiz generation error: Error: Failed to parse the AI response as valid JSON
    at generateQuizWithAI (VM5565 quiz-generation.ts:55:27)
    at async handleGenerateQuiz (quiz-manager.tsx:155:7)
overrideMethod @ hook.js:608
error @ intercept-console-error.js:51
generateQuizWithAI @ VM5565 quiz-generation.ts:100
VM5535 quiz-manager.tsx:147 Quiz generation error: Error: Failed to generate quiz: Failed to parse the AI response as valid JSON
    at generateQuizWithAI (VM5565 quiz-generation.ts:101:15)
    at async handleGenerateQuiz (quiz-manager.tsx:155:7)
overrideMethod @ hook.js:608
error @ intercept-console-error.js:51
handleGenerateQuiz @ VM5535 quiz-manager.tsx:147
hot-reloader-client.js:241 [Fast Refresh] rebuilding
hot-reloader-client.js:68 [Fast Refresh] done in 1024ms
hot-reloader-client.js:241 [Fast Refresh] rebuilding
hot-reloader-client.js:241 [Fast Refresh] rebuilding
hot-reloader-client.js:68 [Fast Refresh] done in 104ms
hot-reloader-client.js:68 [Fast Refresh] done in 1001ms
hot-reloader-client.js:241 [Fast Refresh] rebuilding
hot-reloader-client.js:241 [Fast Refresh] rebuilding
hot-reloader-client.js:68 [Fast Refresh] done in 72ms
hot-reloader-client.js:68 [Fast Refresh] done in 766ms
hot-reloader-client.js:241 [Fast Refresh] rebuilding
hot-reloader-client.js:68 [Fast Refresh] done in 2899ms
hot-reloader-client.js:241 [Fast Refresh] rebuilding
hot-reloader-client.js:68 [Fast Refresh] done in 1395ms
hot-reloader-client.js:241 [Fast Refresh] rebuilding
hot-reloader-client.js:68 [Fast Refresh] done in 3040ms
hot-reloader-client.js:241 [Fast Refresh] rebuilding
hot-reloader-client.js:68 [Fast Refresh] done in 4561ms
hook.js:608 JSON parsing error: SyntaxError: Expected ',' or '}' after property value in JSON at position 1150 (line 24 column 19)
    at JSON.parse (<anonymous>)
    at generateQuizWithAI (VM5788 quiz-generation.ts:49:29)
    at async handleGenerateQuiz (quiz-manager.tsx:136:23)
overrideMethod @ hook.js:608
hook.js:608 Raw JSON text: {
  "title": "React Hooks Intermediate Quiz",
  "description": "Test your knowledge of intermediate React Hooks concepts.",
  "category": "React",
  "difficulty": "intermediate",
  "questions": [
    {
      "text": "What is the primary purpose of the `useEffect` hook?",
      "options": [
        {"id": "a", "text": "To perform side effects, such as data fetching or DOM manipulation"},
        {"id": "b", "text": "To manage component state"},
        {"id": "c", "text": "To conditionally render components"},
        {"id": "d", "text": "To define custom React components"}
      ],
      "correctAnswer": "a",
      "explanation": "The `useEffect` hook is designed to handle side effects, which are actions that involve interacting with the outside world, like fetching data, manipulating the DOM, or setting timers."
    },
    {
      "text": "How can you prevent infinite loops with `useEffect`?",
      "options": [
        {"id": "a", "text": "Using the `useMemo` hook"},
        {"id": "b", "text": "Using the `useCallback` hook"},
        {"id": "c", "text": "By including a dependency array as the second argument"},
        {"id": "d": "By removing the `useEffect` hook"}
      ],
      "correctAnswer": "c",
      "explanation": "The dependency array tells `useEffect` when to re-run.  An empty array prevents re-runs, while a specific list ensures it only runs when dependent values change."
    },
    {
      "text": "What does the `useCallback` hook return?",
      "options": [
        {"id": "a", "text": "A memoized value"},
        {"id": "b", "text": "A memoized function"},
        {"id": "c", "text": "An asynchronous function"},
        {"id": "d", "text": "A state variable"}
      ],
      "correctAnswer": "b",
      "explanation": "`useCallback` memoizes a function. This prevents unnecessary re-renders of child components that rely on that function."
    },
    {
      "text": "What is the purpose of `useReducer`?",
      "options": [
        {"id": "a", "text": "To manage complex state logic"},
        {"id": "b", "text": "To fetch data asynchronously"},
        {"id": "c", "text": "To create custom hooks"},
        {"id": "d", "text": "To handle events"}
      ],
      "correctAnswer": "a",
      "explanation": "`useReducer` provides a more structured way to manage state, especially when dealing with multiple state updates and complex logic, offering a cleaner alternative to `useState` for such scenarios."
    },
    {
      "text": "Which hook is best for managing a piece of state that does not cause re-renders of dependent components?",
      "options": [
        {"id": "a", "text": "`useState`"},
        {"id": "b", "text": "`useReducer`"},
        {"id": "c", "text": "`useContext`"},
        {"id": "d", "text": "`useRef`"}
      ],
      "correctAnswer": "d",
      "explanation": "`useRef` creates a mutable object that persists across renders without triggering re-renders."
    },
    {
      "text": "What does the second argument to `useEffect` do?",
      "options": [
        {"id": "a", "text": "Specifies the state to update"},
        {"id": "b", "text": "Specifies the function to execute"},
        {"id": "c", "text": "Specifies the dependency array"},
        {"id": "d", "text": "Specifies the cleanup function"}
      ],
      "correctAnswer": "c",
      "explanation": "The second argument is the dependency array, which controls when the effect runs."
    },
    {
      "text": "What hook would you use to access and update values in the context?",
      "options": [
        {"id": "a": "useReducer"},
        {"id": "b": "useState"},
        {"id": "c": "useContext"},
        {"id": "d": "useCallback"}
      ],
      "correctAnswer": "c",
      "explanation": "The useContext hook allows components to subscribe to changes in context values."
    },
    {
      "text": "How can you optimize performance when using `useEffect` with expensive calculations?",
      "options": [
        {"id": "a": "Use `useReducer` instead"},
        {"id": "b": "Use `useMemo` to memoize the result of the calculation"},
        {"id": "c": "Use `useCallback` to memoize the calculation function"},
        {"id": "d": "Remove the `useEffect` hook completely"}
      ],
      "correctAnswer": "b",
      "explanation": "useMemo caches the result of a calculation, preventing redundant computations if the input dependencies haven"t changed."
    },
    {
      "text": "What is the role of the cleanup function in `useEffect`?",
      "options":[
        {"id": "a": "To initialize state"},
        {"id": "b": "To perform side effects"},
        {"id": "c": "To clean up after previous effects"},
        {"id": "d": "To schedule asynchronous operations"}
      ],
      "correctAnswer": "c",
      "explanation": "The cleanup function (returned from the effect) is executed before the next effect runs or when the component unmounts.  This is crucial for tasks like clearing intervals or event listeners to prevent memory leaks."
    },
    {
      "text": "When would you prefer `useMemo` over `useCallback`?",
      "options": [
        {"id": "a": "When memoizing a function"},
        {"id": "b": "When memoizing a value"},
        {"id": "c": "When dealing with asynchronous operations"},
        {"id": "d": "When updating the DOM directly"}
      ],
      "correctAnswer": "b",
      "explanation": "`useMemo` is for memoizing values, while `useCallback` is specifically for memoizing functions.  If you"re caching a calculation result, `useMemo` is the right choice."
    }
  ]
}
```

overrideMethod @ hook.js:608
hook.js:608 Quiz generation error: Error: Failed to parse the AI response as valid JSON
    at generateQuizWithAI (VM5788 quiz-generation.ts:59:23)
    at async handleGenerateQuiz (quiz-manager.tsx:136:23)
overrideMethod @ hook.js:608
hook.js:608 Quiz generation error: Error: Failed to generate quiz: Failed to parse the AI response as valid JSON
    at generateQuizWithAI (VM5788 quiz-generation.ts:102:15)
    at async handleGenerateQuiz (quiz-manager.tsx:136:23)
overrideMethod @ hook.js:608
hot-reloader-client.js:241 [Fast Refresh] rebuilding
hot-reloader-client.js:241 [Fast Refresh] rebuilding
hot-reloader-client.js:68 [Fast Refresh] done in 82ms
hot-reloader-client.js:68 [Fast Refresh] done in 842ms
hot-reloader-client.js:241 [Fast Refresh] rebuilding
hot-reloader-client.js:68 [Fast Refresh] done in 2376ms
hot-reloader-client.js:241 [Fast Refresh] rebuilding
hot-reloader-client.js:68 [Fast Refresh] done in 1176ms
hot-reloader-client.js:241 [Fast Refresh] rebuilding
hot-reloader-client.js:68 [Fast Refresh] done in 1203ms
VM6046 quiz-generation.ts:55 JSON parsing error: SyntaxError: Bad control character in string literal in JSON at position 751 (line 16 column 171)
    at JSON.parse (<anonymous>)
    at generateQuizWithAI (VM6046 quiz-generation.ts:53:29)
    at async handleGenerateQuiz (quiz-manager.tsx:136:23)
overrideMethod @ hook.js:608
error @ intercept-console-error.js:51
generateQuizWithAI @ VM6046 quiz-generation.ts:55
await in generateQuizWithAI
handleGenerateQuiz @ quiz-manager.tsx:136
processDispatchQueue @ react-dom-client.development.js:16146
eval @ react-dom-client.development.js:16749
batchedUpdates$1 @ react-dom-client.development.js:3130
dispatchEventForPluginEventSystem @ react-dom-client.development.js:16305
dispatchEvent @ react-dom-client.development.js:20400
dispatchDiscreteEvent @ react-dom-client.development.js:20368
VM6046 quiz-generation.ts:56 Raw JSON text: {
  "title": "React Hooks Intermediate Quiz",
  "description": "Test your knowledge of React Hooks.",
  "category": "React",
  "difficulty": "intermediate",
  "questions": [
    {
      "text": "What is the purpose of the `useEffect` hook?",
      "options": [
        {"id": "a", "text": "To perform side effects like data fetching or DOM manipulations"},
        {"id": "b", "text": "To declare state variables"},
        {"id": "c", "text": "To conditionally render components"},
        {"id": "d", "text": "To manage component lifecycle"}
      ],
      "correctAnswer": "a",
      "explanation": "useEffect is used for performing side effects.  Options b, c, and d describe useState, conditional rendering, and lifecycle methods, respectively.\"
    },
    {
      "text": "Which hook should you use to access the previous props or state values?",
      "options": [
        {"id": "a", "text": "useState"},
        {"id": "b", "text": "useEffect"},
        {"id": "c", "text": "useCallback"},
        {"id": "d", "text": "useRef"}
      ],
      "correctAnswer": "b",
      "explanation": "The second argument of useEffect, which is a cleanup function, allows access to previous props or state (if you store the value in a variable outside the inner scope).\"
    },
    {
      "text": "How can you prevent infinite re-renders caused by useEffect?",
      "options": [
        {"id": "a", "text": "Use `useState` instead of `useEffect`"},
        {"id": "b", "text": "Pass an empty dependency array `[]` to `useEffect`"},
        {"id": "c", "text": "Use `useCallback`"},
        {"id": "d", "text": "There is no way to prevent it"}
      ],
      "correctAnswer": "b",
      "explanation": "An empty dependency array ensures the effect runs only once after the initial render.\"
    },
    {
      "text": "What does `useMemo` hook do?",
      "options": [
        {"id": "a", "text": "Memoizes a function"},
        {"id": "b", "text": "Memoizes a value"},
        {"id": "c", "text": "Memoizes a component"},
        {"id": "d", "text": "Memoizes a state variable"}
      ],
      "correctAnswer": "b",
      "explanation": "useMemo memoizes the result of a computationally expensive function, preventing recalculation on every render.\"
    },
    {
      "text": "What is the primary use case for `useCallback`?",
      "options": [
        {"id": "a", "text": "Storing values that persist across renders"},
        {"id": "b", "text": "Memoizing functions"},
        {"id": "c", "text": "Performing side effects"},
        {"id": "d", "text": "Managing component state"}
      ],
      "correctAnswer": "b",
      "explanation": "useCallback memoizes functions, preventing unnecessary re-creations and improving performance.\"
    },
    {
      "text": "What hook can be used to manage context values?",
      "options":[
        {"id":"a", "text":"useState"},
        {"id":"b", "text":"useContext"},
        {"id":"c", "text":"useReducer"},
        {"id":"d", "text":"useCallback"}
      ],
      "correctAnswer": "b",
      "explanation": "useContext provides access to values from React\"s context API."
    },
    {
      "text": "When should you use `useReducer` instead of `useState`?",
      "options": [
        {"id": "a", "text": "When managing a single piece of state"},
        {"id": "b", "text": "When state updates are simple"},
        {"id": "c", "text": "When state logic is complex"},
        {"id": "d", "text": "useReducer is always preferred over useState"}
      ],
      "correctAnswer": "c",
      "explanation": "useReducer is best for complex state logic involving multiple state updates or derived states.\"
    },
    {
      "text": "What does the return value of `useRef` provide?",
      "options": [
        {"id": "a", "text": "A mutable object"},
        {"id": "b", "text": "An immutable object"},
        {"id": "c", "text": "A function"},
        {"id": "d", "text": "A state variable"}
      ],
      "correctAnswer": "a",
      "explanation": "useRef provides a mutable object that persists across renders.  Its value can be changed directly without causing re-renders.\"
    },
    {
      "text": "Which hook is best suited for managing asynchronous operations?",
      "options": [
        {"id": "a", "text": "useState"},
        {"id": "b", "text": "useReducer"},
        {"id": "c", "text": "useEffect"},
        {"id": "d", "text": "useCallback"}
      ],
      "correctAnswer": "c",
      "explanation": "useEffect is commonly used with promises or async/await to handle asynchronous operations and their side effects.\"
    },
    {
      "text": "What is a potential drawback of using too many custom hooks?",
      "options": [
        {"id": "a", "text": "Improved code readability"},
        {"id": "b", "text": "Increased performance"},
        {"id": "c", "text": "Reduced code maintainability"},
        {"id": "d", "text": "No significant drawbacks"}
      ],
      "correctAnswer": "c",
      "explanation": "Excessive custom hooks can make code harder to maintain and debug, especially if they are not well-documented or organized."
    }
  ]
}
```

overrideMethod @ hook.js:608
error @ intercept-console-error.js:51
generateQuizWithAI @ VM6046 quiz-generation.ts:56
await in generateQuizWithAI
handleGenerateQuiz @ quiz-manager.tsx:136
processDispatchQueue @ react-dom-client.development.js:16146
eval @ react-dom-client.development.js:16749
batchedUpdates$1 @ react-dom-client.development.js:3130
dispatchEventForPluginEventSystem @ react-dom-client.development.js:16305
dispatchEvent @ react-dom-client.development.js:20400
dispatchDiscreteEvent @ react-dom-client.development.js:20368
VM6046 quiz-generation.ts:122 Quiz generation error: Error: Failed to parse the AI response as valid JSON
    at generateQuizWithAI (VM6046 quiz-generation.ts:63:23)
    at async handleGenerateQuiz (quiz-manager.tsx:136:23)
overrideMethod @ hook.js:608
error @ intercept-console-error.js:51
generateQuizWithAI @ VM6046 quiz-generation.ts:122
await in generateQuizWithAI
handleGenerateQuiz @ quiz-manager.tsx:136
processDispatchQueue @ react-dom-client.development.js:16146
eval @ react-dom-client.development.js:16749
batchedUpdates$1 @ react-dom-client.development.js:3130
dispatchEventForPluginEventSystem @ react-dom-client.development.js:16305
dispatchEvent @ react-dom-client.development.js:20400
dispatchDiscreteEvent @ react-dom-client.development.js:20368
quiz-manager.tsx:163 Quiz generation error: Error: Failed to generate quiz: Failed to parse the AI response as valid JSON
    at generateQuizWithAI (VM6046 quiz-generation.ts:123:15)
    at async handleGenerateQuiz (quiz-manager.tsx:136:23)
overrideMethod @ hook.js:608
error @ intercept-console-error.js:51
handleGenerateQuiz @ quiz-manager.tsx:163
await in handleGenerateQuiz
processDispatchQueue @ react-dom-client.development.js:16146
eval @ react-dom-client.development.js:16749
batchedUpdates$1 @ react-dom-client.development.js:3130
dispatchEventForPluginEventSystem @ react-dom-client.development.js:16305
dispatchEvent @ react-dom-client.development.js:20400
dispatchDiscreteEvent @ react-dom-client.development.js:20368
hot-reloader-client.js:241 [Fast Refresh] rebuilding
hot-reloader-client.js:68 [Fast Refresh] done in 2810ms
VM6080 quiz-generation.ts:48 JSON parsing error: SyntaxError: Bad control character in string literal in JSON at position 750 (line 16 column 148)
    at JSON.parse (<anonymous>)
    at generateQuizWithAI (VM6080 quiz-generation.ts:46:29)
    at async handleGenerateQuiz (quiz-manager.tsx:136:23)
overrideMethod @ hook.js:608
error @ intercept-console-error.js:51
generateQuizWithAI @ VM6080 quiz-generation.ts:48
await in generateQuizWithAI
handleGenerateQuiz @ quiz-manager.tsx:136
processDispatchQueue @ react-dom-client.development.js:16146
eval @ react-dom-client.development.js:16749
batchedUpdates$1 @ react-dom-client.development.js:3130
dispatchEventForPluginEventSystem @ react-dom-client.development.js:16305
dispatchEvent @ react-dom-client.development.js:20400
dispatchDiscreteEvent @ react-dom-client.development.js:20368
VM6080 quiz-generation.ts:49 Raw JSON text: {
  "title": "React Hooks Intermediate Quiz",
  "description": "Test your knowledge of intermediate React Hooks concepts.",
  "category": "React",
  "difficulty": "intermediate",
  "questions": [
    {
      "text": "What is the purpose of the `useEffect` hook?",
      "options": [
        {"id": "a", "text": "To perform side effects like data fetching or DOM manipulation"},
        {"id": "b", "text": "To manage component state"},
        {"id": "c", "text": "To conditionally render components"},
        {"id": "d", "text": "To define functional components"}
      ],
      "correctAnswer": "a",
      "explanation": "useEffect is used for performing side effects outside of the rendering process, like fetching data or manipulating the DOM.\"
    },
    {
      "text": "How do you prevent infinite loops in `useEffect`?",
      "options": [
        {"id": "a", "text": "Using `useState`"},
        {"id": "b", "text": "Using the second argument (dependency array)"},
        {"id": "c", "text": "Using `useRef`"},
        {"id": "d", "text": "Using `useCallback`"}
      ],
      "correctAnswer": "b",
      "explanation": "The dependency array in useEffect controls when the effect runs.  An empty array prevents it from running on every render, avoiding infinite loops.\"
    },
    {
      "text": "What hook is used to access the previous value of a state variable?",
      "options": [
        {"id": "a", "text": "`usePrevious`"},
        {"id": "b", "text": "`useRef`"},
        {"id": "c", "text": "`useState`"},
        {"id": "d", "text": "`useEffect`"}
      ],
      "correctAnswer": "b",
      "explanation": "useRef can store values across renders, allowing you to access the previous state value.\"
    },
    {
      "text": "What does `useCallback` return?",
      "options": [
        {"id": "a", "text": "A memoized state variable"},
        {"id": "b", "text": "A memoized callback function"},
        {"id": "c", "text": "A memoized DOM element"},
        {"id": "d", "text": "A memoized effect"}
      ],
      "correctAnswer": "b",
      "explanation": "useCallback memoizes a callback function, preventing unnecessary re-renders of components that depend on it.\"
    },
    {
      "text": "Which hook is best for managing asynchronous operations?",
      "options": [
        {"id": "a", "text": "`useState`"},
        {"id": "b", "text": "`useEffect`"},
        {"id": "c", "text": "`useCallback`"},
        {"id": "d", "text": "All of the above"}
      ],
      "correctAnswer": "b",
      "explanation": "useEffect is commonly used with asynchronous operations like fetching data, handling promises, etc.\"
    },
    {
      "text": "What is the purpose of `useMemo`?",
      "options": [
        {"id": "a", "text": "To memoize expensive computations"},
        {"id": "b", "text": "To manage component state"},
        {"id": "c", "text": "To perform side effects"},
        {"id": "d", "text": "To create custom hooks"}
      ],
      "correctAnswer": "a",
      "explanation": "`useMemo` memoizes the result of a function, only recalculating when its dependencies change.\"
    },
    {
      "text": "What hook provides access to the DOM element of a component?",
      "options": [
        {"id": "a", "text": "`useState`"},
        {"id": "b", "text": "`useEffect`"},
        {"id": "c", "text": "`useRef`"},
        {"id": "d", "text": "`useCallback`"}
      ],
      "correctAnswer": "c",
      "explanation": "`useRef` can be used to directly access and manipulate the DOM element.\"
    },
    {
      "text": "Can you use custom hooks inside other custom hooks?",
      "options": [
        {"id": "a", "text": "No"},
        {"id": "b", "text": "Yes"},
        {"id": "c", "text": "Only if they are declared in the same file"},
        {"id": "d", "text": "Only if they are exported"}
      ],
      "correctAnswer": "b",
      "explanation": "Custom hooks are reusable functions that can be composed together, promoting code reusability and organization.\"
    },
    {
      "text": "What is the best practice when defining the dependencies array in `useEffect`?",
      "options": [
        {"id": "a", "text": "Leave it empty always"},
        {"id": "b", "text": "Include all values that the effect depends on"},
        {"id": "c", "text": "Include only state variables"},
        {"id": "d", "text": "Include only props"}
      ],
      "correctAnswer": "b",
      "explanation": "Listing all dependencies ensures that the effect only runs when necessary, preventing unexpected behavior or bugs.\"
    },
    {
      "text": "When should you use `useReducer` instead of `useState`?",
      "options":[
        {"id": "a", "text": "When managing simple state"},
        {"id": "b", "text": "When managing complex state with many interdependent values"},
        {"id": "c", "text": "When performing side effects"},
        {"id": "d", "text": "When working with asynchronous operations"}
      ],
      "correctAnswer": "b",
      "explanation": "useReducer is ideal for managing complex state logic where multiple state updates are interrelated and easier to manage with a reducer function."}
  ]
}
```

overrideMethod @ hook.js:608
error @ intercept-console-error.js:51
generateQuizWithAI @ VM6080 quiz-generation.ts:49
await in generateQuizWithAI
handleGenerateQuiz @ quiz-manager.tsx:136
processDispatchQueue @ react-dom-client.development.js:16146
eval @ react-dom-client.development.js:16749
batchedUpdates$1 @ react-dom-client.development.js:3130
dispatchEventForPluginEventSystem @ react-dom-client.development.js:16305
dispatchEvent @ react-dom-client.development.js:20400
dispatchDiscreteEvent @ react-dom-client.development.js:20368
VM6080 quiz-generation.ts:55 Problem area: ata or manipulating the DOM.\"
    },
    {
      "text": "H
overrideMethod @ hook.js:608
error @ intercept-console-error.js:51
generateQuizWithAI @ VM6080 quiz-generation.ts:55
await in generateQuizWithAI
handleGenerateQuiz @ quiz-manager.tsx:136
processDispatchQueue @ react-dom-client.development.js:16146
eval @ react-dom-client.development.js:16749
batchedUpdates$1 @ react-dom-client.development.js:3130
dispatchEventForPluginEventSystem @ react-dom-client.development.js:16305
dispatchEvent @ react-dom-client.development.js:20400
dispatchDiscreteEvent @ react-dom-client.development.js:20368
VM6080 quiz-generation.ts:126 Quiz generation error: Error: Invalid quiz data format received from AI
    at generateQuizWithAI (VM6080 quiz-generation.ts:72:19)
    at async handleGenerateQuiz (quiz-manager.tsx:136:23)
overrideMethod @ hook.js:608
error @ intercept-console-error.js:51
generateQuizWithAI @ VM6080 quiz-generation.ts:126
await in generateQuizWithAI
handleGenerateQuiz @ quiz-manager.tsx:136
processDispatchQueue @ react-dom-client.development.js:16146
eval @ react-dom-client.development.js:16749
batchedUpdates$1 @ react-dom-client.development.js:3130
dispatchEventForPluginEventSystem @ react-dom-client.development.js:16305
dispatchEvent @ react-dom-client.development.js:20400
dispatchDiscreteEvent @ react-dom-client.development.js:20368
quiz-manager.tsx:163 Quiz generation error: Error: Failed to generate quiz: Invalid quiz data format received from AI
    at generateQuizWithAI (VM6080 quiz-generation.ts:127:15)
    at async handleGenerateQuiz (quiz-manager.tsx:136:23)
overrideMethod @ hook.js:608
error @ intercept-console-error.js:51
handleGenerateQuiz @ quiz-manager.tsx:163
await in handleGenerateQuiz
processDispatchQueue @ react-dom-client.development.js:16146
eval @ react-dom-client.development.js:16749
batchedUpdates$1 @ react-dom-client.development.js:3130
dispatchEventForPluginEventSystem @ react-dom-client.development.js:16305
dispatchEvent @ react-dom-client.development.js:20400
dispatchDiscreteEvent @ react-dom-client.development.js:20368
hot-reloader-client.js:241 [Fast Refresh] rebuilding
hot-reloader-client.js:241 [Fast Refresh] rebuilding
hot-reloader-client.js:68 [Fast Refresh] done in 76ms
hot-reloader-client.js:68 [Fast Refresh] done in 724ms
hot-reloader-client.js:241 [Fast Refresh] rebuilding
hot-reloader-client.js:241 [Fast Refresh] rebuilding
hot-reloader-client.js:68 [Fast Refresh] done in 58ms
hot-reloader-client.js:68 [Fast Refresh] done in 748ms
hot-reloader-client.js:241 [Fast Refresh] rebuilding
hot-reloader-client.js:68 [Fast Refresh] done in 3346ms
hot-reloader-client.js:241 [Fast Refresh] rebuilding
hot-reloader-client.js:68 [Fast Refresh] done in 1473ms
quiz-generation.ts:89 JSON parsing error: Expected ',' or '}' after property value in JSON at position 3752 (line 90 column 19)
overrideMethod @ hook.js:608
error @ intercept-console-error.js:51
generateQuizWithAI @ quiz-generation.ts:89
await in generateQuizWithAI
handleGenerateQuiz @ quiz-manager.tsx:136
processDispatchQueue @ react-dom-client.development.js:16146
eval @ react-dom-client.development.js:16749
batchedUpdates$1 @ react-dom-client.development.js:3130
dispatchEventForPluginEventSystem @ react-dom-client.development.js:16305
dispatchEvent @ react-dom-client.development.js:20400
dispatchDiscreteEvent @ react-dom-client.development.js:20368
quiz-generation.ts:93 Raw JSON text: {
  "title": "React Hooks Intermediate Quiz",
  "description": "Test your knowledge of React Hooks.",
  "category": "React",
  "difficulty": "intermediate",
  "questions": [
    {
      "text": "What is the primary purpose of the `useEffect` hook?",
      "options": [
        {"id": "a", "text": "To perform side effects like data fetching or DOM manipulation"},
        {"id": "b", "text": "To update the component's state"},
        {"id": "c", "text": "To define functional components"},
        {"id": "d", "text": "To handle user input"}
      ],
      "correctAnswer": "a",
      "explanation": "`useEffect` is used for performing side effects outside the main rendering process."
    },
    {
      "text": "Which hook is used to access the previous value of a state variable?",
      "options": [
        {"id": "a", "text": "`useState`"},
        {"id": "b", "text": "`useReducer`"},
        {"id": "c", "text": "`useRef`"},
        {"id": "d", "text": "`useCallback`"}
      ],
      "correctAnswer": "c",
      "explanation": "`useRef` provides a mutable object that persists across renders, allowing access to previous values."
    },
    {
      "text": "How do you prevent infinite re-renders with `useEffect`?",
      "options": [
        {"id": "a", "text": "Use `useState` instead of `useEffect`"},
        {"id": "b", "text": "Use the second argument to specify dependencies"},
        {"id": "c", "text": "There's no way to prevent it"},
        {"id": "d", "text": "Use `useCallback`"}
      ],
      "correctAnswer": "b",
      "explanation": "The dependency array in `useEffect` controls when the effect runs, preventing infinite loops."
    },
    {
      "text": "What does the `useCallback` hook return?",
      "options": [
        {"id": "a", "text": "A memoized function"},
        {"id": "b", "text": "A state variable"},
        {"id": "c", "text": "A ref object"},
        {"id": "d", "text": "An array of dependencies"}
      ],
      "correctAnswer": "a",
      "explanation": "`useCallback` memoizes a function, preventing unnecessary re-creation and optimization."
    },
    {
      "text": "What hook should you use to manage complex state logic with multiple actions?",
      "options": [
        {"id": "a", "text": "`useState`"},
        {"id": "b", "text": "`useReducer`"},
        {"id": "c", "text": "`useEffect`"},
        {"id": "d", "text": "`useContext`"}
      ],
      "correctAnswer": "b",
      "explanation": "`useReducer` provides a more structured approach for managing complex state changes."
    },
    {
      "text": "What is the purpose of the `useContext` hook?",
      "options": [
        {"id": "a", "text": "To manage component state"},
        {"id": "b", "text": "To access values from React context"},
        {"id": "c", "text": "To memoize functions"},
        {"id": "d", "text": "To perform side effects"}
      ],
      "correctAnswer": "b",
      "explanation": "`useContext` simplifies accessing values from the React context API."
    },
    {
      "text": "When should you use `useMemo`?",
      "options": [
        {"id": "a", "text": "For managing state"},
        {"id": "b", "text": "For performing side effects"},
        {"id": "c", "text": "To memoize expensive computations"},
        {"id": "d", "text": "To access the previous state value"}
      ],
      "correctAnswer": "c",
      "explanation": "`useMemo` memoizes the result of a function, avoiding unnecessary recalculations."
    },
    {
      "text": "What's a potential issue if you omit dependencies in `useEffect`?",
      "options": [
        {"id": "a", "text": "Improved performance"},
        {"id": "b", "text": "Infinite re-renders"},
        {"id": "c", "text": "No impact"},
        {"id": "d": "Improved code readability"}
      ],
      "correctAnswer": "b",
      "explanation": "Missing dependencies can lead to infinite loops as the effect runs on every render."
    },
    {
      "text": "Which hook is best suited for managing a single piece of state?",
      "options": [
        {"id": "a", "text": "`useReducer`"},
        {"id": "b", "text": "`useState`"},
        {"id": "c", "text": "`useContext`"},
        {"id": "d", "text": "`useCallback`"}
      ],
      "correctAnswer": "b",
      "explanation": "`useState` is straightforward for simple state management."
    },
    {
      "text": "What is a custom hook?",
      "options": [
        {"id": "a", "text": "A hook provided by the React library"},
        {"id": "b", "text": "A function component that uses hooks"},
        {"id": "c", "text": "A function that encapsulates reusable hook logic"},
        {"id": "d", "text": "A hook that manages the DOM directly"}
      ],
      "correctAnswer": "c",
      "explanation": "Custom hooks extract reusable stateful logic into separate functions."
    }
  ]
}
overrideMethod @ hook.js:608
error @ intercept-console-error.js:51
generateQuizWithAI @ quiz-generation.ts:93
await in generateQuizWithAI
handleGenerateQuiz @ quiz-manager.tsx:136
processDispatchQueue @ react-dom-client.development.js:16146
eval @ react-dom-client.development.js:16749
batchedUpdates$1 @ react-dom-client.development.js:3130
dispatchEventForPluginEventSystem @ react-dom-client.development.js:16305
dispatchEvent @ react-dom-client.development.js:20400
dispatchDiscreteEvent @ react-dom-client.development.js:20368
quiz-generation.ts:99 Problem area: o impact"},
        {"id": "d": "Improved code readability"}
overrideMethod @ hook.js:608
error @ intercept-console-error.js:51
generateQuizWithAI @ quiz-generation.ts:99
await in generateQuizWithAI
handleGenerateQuiz @ quiz-manager.tsx:136
processDispatchQueue @ react-dom-client.development.js:16146
eval @ react-dom-client.development.js:16749
batchedUpdates$1 @ react-dom-client.development.js:3130
dispatchEventForPluginEventSystem @ react-dom-client.development.js:16305
dispatchEvent @ react-dom-client.development.js:20400
dispatchDiscreteEvent @ react-dom-client.development.js:20368
quiz-generation.ts:150 Quiz generation error: Error: Failed to parse the AI response as valid JSON.
    at generateQuizWithAI (quiz-generation.ts:102:13)
    at async handleGenerateQuiz (quiz-manager.tsx:136:23)
overrideMethod @ hook.js:608
error @ intercept-console-error.js:51
generateQuizWithAI @ quiz-generation.ts:150
await in generateQuizWithAI
handleGenerateQuiz @ quiz-manager.tsx:136
processDispatchQueue @ react-dom-client.development.js:16146
eval @ react-dom-client.development.js:16749
batchedUpdates$1 @ react-dom-client.development.js:3130
dispatchEventForPluginEventSystem @ react-dom-client.development.js:16305
dispatchEvent @ react-dom-client.development.js:20400
dispatchDiscreteEvent @ react-dom-client.development.js:20368
quiz-manager.tsx:163 Quiz generation error: Error: Failed to generate quiz: Failed to parse the AI response as valid JSON.
    at generateQuizWithAI (quiz-generation.ts:151:11)
    at async handleGenerateQuiz (quiz-manager.tsx:136:23)
overrideMethod @ hook.js:608
error @ intercept-console-error.js:51
handleGenerateQuiz @ quiz-manager.tsx:163
await in handleGenerateQuiz
processDispatchQueue @ react-dom-client.development.js:16146
eval @ react-dom-client.development.js:16749
batchedUpdates$1 @ react-dom-client.development.js:3130
dispatchEventForPluginEventSystem @ react-dom-client.development.js:16305
dispatchEvent @ react-dom-client.development.js:20400
dispatchDiscreteEvent @ react-dom-client.development.js:20368
hot-reloader-client.js:241 [Fast Refresh] rebuilding
hot-reloader-client.js:241 [Fast Refresh] rebuilding
hot-reloader-client.js:68 [Fast Refresh] done in 73ms
hot-reloader-client.js:68 [Fast Refresh] done in 692ms
 [Fast Refresh] rebuilding
