lockdown-install.js:1 Removing unpermitted intrinsics
VM5565 quiz-generation.ts:47 JSON parsing error: SyntaxError: Expected ',' or '}' after property value in JSON at position 3419 (line 78 column 19)
    at JSON.parse (<anonymous>)
    at generateQuizWithAI (VM5565 quiz-generation.ts:45:29)
    at async handleGenerateQuiz (quiz-manager.tsx:155:7)
overrideMethod @ hook.js:608
error @ intercept-console-error.js:51
generateQuizWithAI @ VM5565 quiz-generation.ts:47
VM5565 quiz-generation.ts:48 Raw JSON text: {
  "title": "React Hooks Intermediate Quiz",
  "description": "Test your knowledge of intermediate React Hooks concepts.",
  "category": "React",
  "difficulty": "intermediate",
  "questions": [
    {
      "text": "What is the primary purpose of the `useEffect` hook?",
      "options": [
        {"id": "a", "text": "To perform side effects like data fetching or DOM manipulation"},
        {"id": "b", "text": "To manage component state"},
        {"id": "c", "text": "To conditionally render components"},
        {"id": "d", "text": "To define functional components"}
      ],
      "correctAnswer": "a",
      "explanation": "`useEffect` is specifically designed for handling side effects that occur outside of the component's rendering process."
    },
    {
      "text": "Which hook is used to access and update state within a functional component?",
      "options": [
        {"id": "a", "text": "`useEffect`"},
        {"id": "b", "text": "`useState`"},
        {"id": "c", "text": "`useContext`"},
        {"id": "d", "text": "`useRef`"}
      ],
      "correctAnswer": "b",
      "explanation": "`useState` is the fundamental hook for managing state in functional components."
    },
    {
      "text": "How do you prevent infinite loops with `useEffect`?",
      "options": [
        {"id": "a", "text": "Using `setTimeout`"},
        {"id": "b", "text": "Using the second argument (dependency array)"},
        {"id": "c", "text": "Using `setInterval`"},
        {"id": "d", "text": "It's not possible to prevent infinite loops"}
      ],
      "correctAnswer": "b",
      "explanation": "The dependency array controls when the effect runs.  An empty array means it only runs once after the initial render, preventing infinite loops."
    },
    {
      "text": "What does the `useRef` hook return?",
      "options": [
        {"id": "a", "text": "A mutable object"},
        {"id": "b", "text": "A state variable"},
        {"id": "c", "text": "A function"},
        {"id": "d", "text": "A mutable object with a `.current` property"}
      ],
      "correctAnswer": "d",
      "explanation": "`useRef` returns a mutable object whose `.current` property can be used to store values that don't trigger re-renders."
    },
    {
      "text": "What hook is best suited for accessing values from React Context?",
      "options": [
        {"id": "a", "text": "`useState`"},
        {"id": "b", "text": "`useContext`"},
        {"id": "c", "text": "`useReducer`"},
        {"id": "d", "text": "`useCallback`"}
      ],
      "correctAnswer": "b",
      "explanation": "`useContext` provides a convenient way to subscribe to and read values from the React Context API."
    },
    {
      "text": "When should you use `useCallback`?",
      "options": [
        {"id": "a", "text": "To memoize a function"},
        {"id": "b", "text": "To manage component state"},
        {"id": "c", "text": "To perform side effects"},
        {"id": "d", "text": "To create custom hooks"}
      ],
      "correctAnswer": "a",
      "explanation": "`useCallback` memoizes a function, preventing re-creation on every render if its dependencies haven't changed, optimizing performance."
    },
    {
      "text": "What is the purpose of `useReducer`?",
      "options": [
        {"id": "a", "text": "To manage complex state logic"},
        {"id": "b", "text": "To perform asynchronous operations"},
        {"id": "c": "To memoize functions"},
        {"id": "d": "To access context values"}
      ],
      "correctAnswer": "a",
      "explanation": "`useReducer` is ideal for managing complex state logic that involves multiple state updates or state transitions."
    },
    {
      "text": "Which hook allows you to run code after every render?",
      "options": [
        {"id": "a", "text": "`useState`"},
        {"id": "b", "text": "`useMemo`"},
        {"id": "c", "text": "`useEffect`"},
        {"id": "d", "text": "`useCallback`"}
      ],
      "correctAnswer": "c",
      "explanation": "`useEffect` runs after every render, unless a dependency array is specified."
    },
    {
      "text": "What does `useMemo` do?",
      "options": [
        {"id": "a", "text": "Memoizes a value based on dependencies"},
        {"id": "b": "Memoizes a function based on dependencies"},
        {"id": "c": "Performs side effects"},
        {"id": "d": "Manages component state"}
      ],
      "correctAnswer": "a",
      "explanation": "`useMemo` memoizes the result of an expensive computation, returning a cached value if the dependencies haven't changed."
    },
    {
      "text": "What is a Custom Hook?",
      "options":[
        {"id": "a", "text": "A hook provided by React"},
        {"id": "b", "text": "A function that uses other hooks"},
        {"id": "c", "text": "A component that renders other components"},
        {"id": "d", "text": "A class component that uses hooks"}
      ],
      "correctAnswer": "b",
      "explanation": "Custom hooks are functions that call other hooks to extract reusable logic and share it among components."
    }
  ]
}
```

overrideMethod @ hook.js:608
error @ intercept-console-error.js:51
generateQuizWithAI @ VM5565 quiz-generation.ts:48
VM5565 quiz-generation.ts:100 Quiz generation error: Error: Failed to parse the AI response as valid JSON
    at generateQuizWithAI (VM5565 quiz-generation.ts:55:27)
    at async handleGenerateQuiz (quiz-manager.tsx:155:7)
overrideMethod @ hook.js:608
error @ intercept-console-error.js:51
generateQuizWithAI @ VM5565 quiz-generation.ts:100
VM5535 quiz-manager.tsx:147 Quiz generation error: Error: Failed to generate quiz: Failed to parse the AI response as valid JSON
    at generateQuizWithAI (VM5565 quiz-generation.ts:101:15)
    at async handleGenerateQuiz (quiz-manager.tsx:155:7)
overrideMethod @ hook.js:608
error @ intercept-console-error.js:51
handleGenerateQuiz @ VM5535 quiz-manager.tsx:147
hot-reloader-client.js:241 [Fast Refresh] rebuilding
hot-reloader-client.js:68 [Fast Refresh] done in 1024ms
hot-reloader-client.js:241 [Fast Refresh] rebuilding
hot-reloader-client.js:241 [Fast Refresh] rebuilding
hot-reloader-client.js:68 [Fast Refresh] done in 104ms
hot-reloader-client.js:68 [Fast Refresh] done in 1001ms
hot-reloader-client.js:241 [Fast Refresh] rebuilding
hot-reloader-client.js:241 [Fast Refresh] rebuilding
hot-reloader-client.js:68 [Fast Refresh] done in 72ms
hot-reloader-client.js:68 [Fast Refresh] done in 766ms
hot-reloader-client.js:241 [Fast Refresh] rebuilding
hot-reloader-client.js:68 [Fast Refresh] done in 2899ms
hot-reloader-client.js:241 [Fast Refresh] rebuilding
hot-reloader-client.js:68 [Fast Refresh] done in 1395ms
hot-reloader-client.js:241 [Fast Refresh] rebuilding
hot-reloader-client.js:68 [Fast Refresh] done in 3040ms
hot-reloader-client.js:241 [Fast Refresh] rebuilding
hot-reloader-client.js:68 [Fast Refresh] done in 4561ms
hook.js:608 JSON parsing error: SyntaxError: Expected ',' or '}' after property value in JSON at position 1150 (line 24 column 19)
    at JSON.parse (<anonymous>)
    at generateQuizWithAI (quiz-generation.ts:92:23)
    at async handleGenerateQuiz (quiz-manager.tsx:136:23)
overrideMethod @ hook.js:608
hook.js:608 Raw JSON text: {
  "title": "React Hooks Intermediate Quiz",
  "description": "Test your knowledge of intermediate React Hooks concepts.",
  "category": "React",
  "difficulty": "intermediate",
  "questions": [
    {
      "text": "What is the primary purpose of the `useEffect` hook?",
      "options": [
        {"id": "a", "text": "To perform side effects, such as data fetching or DOM manipulation"},
        {"id": "b", "text": "To manage component state"},
        {"id": "c", "text": "To conditionally render components"},
        {"id": "d", "text": "To define custom React components"}
      ],
      "correctAnswer": "a",
      "explanation": "The `useEffect` hook is designed to handle side effects, which are actions that involve interacting with the outside world, like fetching data, manipulating the DOM, or setting timers."
    },
    {
      "text": "How can you prevent infinite loops with `useEffect`?",
      "options": [
        {"id": "a", "text": "Using the `useMemo` hook"},
        {"id": "b", "text": "Using the `useCallback` hook"},
        {"id": "c", "text": "By including a dependency array as the second argument"},
        {"id": "d": "By removing the `useEffect` hook"}
      ],
      "correctAnswer": "c",
      "explanation": "The dependency array tells `useEffect` when to re-run.  An empty array prevents re-runs, while a specific list ensures it only runs when dependent values change."
    },
    {
      "text": "What does the `useCallback` hook return?",
      "options": [
        {"id": "a", "text": "A memoized value"},
        {"id": "b", "text": "A memoized function"},
        {"id": "c", "text": "An asynchronous function"},
        {"id": "d", "text": "A state variable"}
      ],
      "correctAnswer": "b",
      "explanation": "`useCallback` memoizes a function. This prevents unnecessary re-renders of child components that rely on that function."
    },
    {
      "text": "What is the purpose of `useReducer`?",
      "options": [
        {"id": "a", "text": "To manage complex state logic"},
        {"id": "b", "text": "To fetch data asynchronously"},
        {"id": "c", "text": "To create custom hooks"},
        {"id": "d", "text": "To handle events"}
      ],
      "correctAnswer": "a",
      "explanation": "`useReducer` provides a more structured way to manage state, especially when dealing with multiple state updates and complex logic, offering a cleaner alternative to `useState` for such scenarios."
    },
    {
      "text": "Which hook is best for managing a piece of state that does not cause re-renders of dependent components?",
      "options": [
        {"id": "a", "text": "`useState`"},
        {"id": "b", "text": "`useReducer`"},
        {"id": "c", "text": "`useContext`"},
        {"id": "d", "text": "`useRef`"}
      ],
      "correctAnswer": "d",
      "explanation": "`useRef` creates a mutable object that persists across renders without triggering re-renders."
    },
    {
      "text": "What does the second argument to `useEffect` do?",
      "options": [
        {"id": "a", "text": "Specifies the state to update"},
        {"id": "b", "text": "Specifies the function to execute"},
        {"id": "c", "text": "Specifies the dependency array"},
        {"id": "d", "text": "Specifies the cleanup function"}
      ],
      "correctAnswer": "c",
      "explanation": "The second argument is the dependency array, which controls when the effect runs."
    },
    {
      "text": "What hook would you use to access and update values in the context?",
      "options": [
        {"id": "a": "useReducer"},
        {"id": "b": "useState"},
        {"id": "c": "useContext"},
        {"id": "d": "useCallback"}
      ],
      "correctAnswer": "c",
      "explanation": "The useContext hook allows components to subscribe to changes in context values."
    },
    {
      "text": "How can you optimize performance when using `useEffect` with expensive calculations?",
      "options": [
        {"id": "a": "Use `useReducer` instead"},
        {"id": "b": "Use `useMemo` to memoize the result of the calculation"},
        {"id": "c": "Use `useCallback` to memoize the calculation function"},
        {"id": "d": "Remove the `useEffect` hook completely"}
      ],
      "correctAnswer": "b",
      "explanation": "useMemo caches the result of a calculation, preventing redundant computations if the input dependencies haven"t changed."
    },
    {
      "text": "What is the role of the cleanup function in `useEffect`?",
      "options":[
        {"id": "a": "To initialize state"},
        {"id": "b": "To perform side effects"},
        {"id": "c": "To clean up after previous effects"},
        {"id": "d": "To schedule asynchronous operations"}
      ],
      "correctAnswer": "c",
      "explanation": "The cleanup function (returned from the effect) is executed before the next effect runs or when the component unmounts.  This is crucial for tasks like clearing intervals or event listeners to prevent memory leaks."
    },
    {
      "text": "When would you prefer `useMemo` over `useCallback`?",
      "options": [
        {"id": "a": "When memoizing a function"},
        {"id": "b": "When memoizing a value"},
        {"id": "c": "When dealing with asynchronous operations"},
        {"id": "d": "When updating the DOM directly"}
      ],
      "correctAnswer": "b",
      "explanation": "`useMemo` is for memoizing values, while `useCallback` is specifically for memoizing functions.  If you"re caching a calculation result, `useMemo` is the right choice."
    }
  ]
}
```

overrideMethod @ hook.js:608
hook.js:608 Quiz generation error: Error: Failed to parse the AI response as valid JSON
    at generateQuizWithAI (quiz-generation.ts:103:15)
    at async handleGenerateQuiz (quiz-manager.tsx:136:23)
overrideMethod @ hook.js:608
hook.js:608 Quiz generation error: Error: Failed to generate quiz: Failed to parse the AI response as valid JSON
    at generateQuizWithAI (quiz-generation.ts:137:11)
    at async handleGenerateQuiz (quiz-manager.tsx:136:23)
overrideMethod @ hook.js:608
 [Fast Refresh] rebuilding
